<?xml version="1.0" encoding="UTF-8"?>
<!-- Generated by org.testng.reporters.JUnitReportReporter -->
<testsuite hostname="Pese" failures="0" tests="5" name="test_register.Register" time="16.855" errors="0" timestamp="2025-01-28T17:46:06 ART" skipped="0">
  <testcase classname="test_register.Register" name="register" time="3.746"/>
  <system-out/>
  <testcase classname="test_register.Register" name="registerUsrExistent" time="4.168"/>
  <system-out/>
  <testcase classname="test_register.Register" name="registerUsrOrPassNull" time="3.048"/>
  <system-out/>
  <testcase classname="test_register.Register" name="registerUsrOrPassNull" time="2.975"/>
  <system-out/>
  <testcase classname="test_register.Register" name="registerNull" time="2.918"/>
  <system-out/>
</testsuite> <!-- test_register.Register -->
