<?xml version="1.0" encoding="UTF-8"?>
<!-- Generated by org.testng.reporters.JUnitReportReporter -->
<testsuite hostname="Pese" failures="0" tests="2" name="test_login.Login" time="9.295" errors="0" timestamp="2025-01-31T17:36:47 ART" skipped="0">
  <testcase classname="test_login.Login" name="login" time="4.316"/>
  <system-out/>
  <testcase classname="test_login.Login" name="login" time="4.979"/>
  <system-out/>
</testsuite> <!-- test_login.Login -->
